* installing *source* package 'PhenoGeneRankerPackage' ...
** using staged installation
** R
** byte-compile and prepare package for lazy loading
Note: possible error in 'colSums(SupraAdjacencyMatrixCult, ': unused argument (sparseResult = FALSE) 
Note: possible error in 'colSums(SupraBipartiteMatrix, ': unused argument (sparseResult = FALSE) 
Note: possible error in 'colSums(SupraAdjacencyMatrix, ': unused argument (sparseResult = FALSE) 
Note: possible error in 'rowSums(SupraBipartiteMatrix, ': unused argument (sparseResult = FALSE) 
Note: possible error in 'rowSums(SupraBipartiteMatrix, ': unused argument (sparseResult = FALSE) 
Note: possible error in 'colSums(SupraBipartiteMatrix, ': unused argument (sparseResult = FALSE) 
Note: possible error in 'rowSums(SupraBipartiteMatrix, ': unused argument (sparseResult = FALSE) 
Note: possible error in 'colSums(SupraBipartiteMatrix, ': unused argument (sparseResult = FALSE) 
Note: possible error in 'colSums(SupraAdjacencyMatrix, ': unused argument (sparseResult = FALSE) 
Note: possible error in 'rowSums(SupraBipartiteMatrix, ': unused argument (sparseResult = FALSE) 
** help
*** installing help indices
** building package indices
** testing if installed package can be loaded from temporary location
*** arch - i386
*** arch - x64
** testing if installed package can be loaded from final location
*** arch - i386
*** arch - x64
** testing if installed package keeps a record of temporary installation path
* DONE (PhenoGeneRankerPackage)
